<?xml version="1.0" encoding="UTF-8"?>
<!-- Generated by org.testng.reporters.JUnitReportReporter -->
<testsuite hostname="Lenovo" failures="0" tests="3" name="org.openmrs.demo.OpenMRSDataDrivenTest" time="80.213" errors="0" timestamp="2024-03-30T08:11:10 IST" skipped="0">
  <testcase classname="org.openmrs.demo.OpenMRSDataDrivenTest" name="registerPatientTest" time="33.244"/>
  <system-out>
    <![CDATA[<span style="color:green"><strong>Verify Home Page</strong></span>
<img src=" C:\Users\RAJU CHELLE\git\repository\SeleniumDataDrivenMavenProjet\src\test\resources\screenshots\20240930080952.jpg">
<span style="color:green"><strong>Verify Regiter Patient Page Page</strong></span>
<img src=" C:\Users\RAJU CHELLE\git\repository\SeleniumDataDrivenMavenProjet\src\test\resources\screenshots\20240930080959.jpg">
<span style="color:green"><strong>Verify Registration Details</strong></span>
<img src=" C:\Users\RAJU CHELLE\git\repository\SeleniumDataDrivenMavenProjet\src\test\resources\screenshots\20241030081004.jpg">
<span style="color:green"><strong>Verify Registered Details</strong></span>
<img src=" C:\Users\RAJU CHELLE\git\repository\SeleniumDataDrivenMavenProjet\src\test\resources\screenshots\20241030081015.jpg">]]>
  </system-out>
  <testcase classname="org.openmrs.demo.OpenMRSDataDrivenTest" name="registerPatientTest" time="23.882"/>
  <system-out>
    <![CDATA[<span style="color:green"><strong>Verify Home Page</strong></span>
<img src=" C:\Users\RAJU CHELLE\git\repository\SeleniumDataDrivenMavenProjet\src\test\resources\screenshots\20241030081025.jpg">
<span style="color:green"><strong>Verify Regiter Patient Page Page</strong></span>
<img src=" C:\Users\RAJU CHELLE\git\repository\SeleniumDataDrivenMavenProjet\src\test\resources\screenshots\20241030081029.jpg">
<span style="color:green"><strong>Verify Registration Details</strong></span>
<img src=" C:\Users\RAJU CHELLE\git\repository\SeleniumDataDrivenMavenProjet\src\test\resources\screenshots\20241030081033.jpg">
<span style="color:green"><strong>Verify Registered Details</strong></span>
<img src=" C:\Users\RAJU CHELLE\git\repository\SeleniumDataDrivenMavenProjet\src\test\resources\screenshots\20241030081038.jpg">]]>
  </system-out>
  <testcase classname="org.openmrs.demo.OpenMRSDataDrivenTest" name="registerPatientTest" time="23.087"/>
  <system-out>
    <![CDATA[<span style="color:green"><strong>Verify Home Page</strong></span>
<img src=" C:\Users\RAJU CHELLE\git\repository\SeleniumDataDrivenMavenProjet\src\test\resources\screenshots\20241030081048.jpg">
<span style="color:green"><strong>Verify Regiter Patient Page Page</strong></span>
<img src=" C:\Users\RAJU CHELLE\git\repository\SeleniumDataDrivenMavenProjet\src\test\resources\screenshots\20241030081051.jpg">
<span style="color:green"><strong>Verify Registration Details</strong></span>
<img src=" C:\Users\RAJU CHELLE\git\repository\SeleniumDataDrivenMavenProjet\src\test\resources\screenshots\20241030081056.jpg">
<span style="color:green"><strong>Verify Registered Details</strong></span>
<img src=" C:\Users\RAJU CHELLE\git\repository\SeleniumDataDrivenMavenProjet\src\test\resources\screenshots\20241130081101.jpg">]]>
  </system-out>
</testsuite> <!-- org.openmrs.demo.OpenMRSDataDrivenTest -->
