<?xml version="1.0" encoding="UTF-8"?>
<!-- Generated by org.testng.reporters.JUnitReportReporter -->
<testsuite hostname="Lenovo" failures="0" tests="2" name="org.openmrs.OpenMRSTestNGTest" time="91.295" errors="0" timestamp="2024-03-22T09:46:03 IST" skipped="0">
  <testcase classname="org.openmrs.OpenMRSTestNGTest" name="registerPatientTest" time="28.346"/>
  <system-out/>
  <testcase classname="org.openmrs.OpenMRSTestNGTest" name="activeVisitsTest" time="62.949"/>
  <system-out/>
</testsuite> <!-- org.openmrs.OpenMRSTestNGTest -->
