<?xml version="1.0" encoding="UTF-8"?>
<!-- Generated by org.testng.reporters.JUnitReportReporter -->
<testsuite hostname="Lenovo" failures="0" tests="3" name="org.openmrs.demo.OpenMRSKeywordDrivenTest" time="90.239" errors="0" timestamp="2024-04-01T07:36:30 IST" skipped="0">
  <testcase classname="org.openmrs.demo.OpenMRSKeywordDrivenTest" name="registerPatientTest" time="30.015"/>
  <system-out>
    <![CDATA[<span style="color:green"><strong>Verify Home Page</strong></span>
<img src=" C:\Users\RAJU CHELLE\git\repository\SeleniumKeywordDrivenMavenProject\src\test\resources\screenshots\20243501073541.jpg">
<span style="color:green"><strong>Verify Regiter Patient Page Page</strong></span>
<img src=" C:\Users\RAJU CHELLE\git\repository\SeleniumKeywordDrivenMavenProject\src\test\resources\screenshots\20243501073544.jpg">
<span style="color:green"><strong>Verify Registration Details</strong></span>
<img src=" C:\Users\RAJU CHELLE\git\repository\SeleniumKeywordDrivenMavenProject\src\test\resources\screenshots\20243501073549.jpg">
<span style="color:green"><strong>Verify Registered Details</strong></span>
<img src=" C:\Users\RAJU CHELLE\git\repository\SeleniumKeywordDrivenMavenProject\src\test\resources\screenshots\20243501073554.jpg">]]>
  </system-out>
  <testcase classname="org.openmrs.demo.OpenMRSKeywordDrivenTest" name="registerPatientTest" time="25.567"/>
  <system-out>
    <![CDATA[<span style="color:green"><strong>Verify Home Page</strong></span>
<img src=" C:\Users\RAJU CHELLE\git\repository\SeleniumKeywordDrivenMavenProject\src\test\resources\screenshots\20243601073606.jpg">
<span style="color:green"><strong>Verify Regiter Patient Page Page</strong></span>
<img src=" C:\Users\RAJU CHELLE\git\repository\SeleniumKeywordDrivenMavenProject\src\test\resources\screenshots\20243601073610.jpg">
<span style="color:green"><strong>Verify Registration Details</strong></span>
<img src=" C:\Users\RAJU CHELLE\git\repository\SeleniumKeywordDrivenMavenProject\src\test\resources\screenshots\20243601073614.jpg">
<span style="color:green"><strong>Verify Registered Details</strong></span>
<img src=" C:\Users\RAJU CHELLE\git\repository\SeleniumKeywordDrivenMavenProject\src\test\resources\screenshots\20243601073621.jpg">]]>
  </system-out>
  <testcase classname="org.openmrs.demo.OpenMRSKeywordDrivenTest" name="registerPatientTest" time="34.657"/>
  <system-out>
    <![CDATA[<span style="color:green"><strong>Verify Home Page</strong></span>
<img src=" C:\Users\RAJU CHELLE\git\repository\SeleniumKeywordDrivenMavenProject\src\test\resources\screenshots\20243501073507.jpg">
<span style="color:green"><strong>Verify Regiter Patient Page Page</strong></span>
<img src=" C:\Users\RAJU CHELLE\git\repository\SeleniumKeywordDrivenMavenProject\src\test\resources\screenshots\20243501073514.jpg">
<span style="color:green"><strong>Verify Registration Details</strong></span>
<img src=" C:\Users\RAJU CHELLE\git\repository\SeleniumKeywordDrivenMavenProject\src\test\resources\screenshots\20243501073520.jpg">
<span style="color:green"><strong>Verify Registered Details</strong></span>
<img src=" C:\Users\RAJU CHELLE\git\repository\SeleniumKeywordDrivenMavenProject\src\test\resources\screenshots\20243501073529.jpg">]]>
  </system-out>
</testsuite> <!-- org.openmrs.demo.OpenMRSKeywordDrivenTest -->
